mode: set
github.com/arran4/lookup/cmd/json-simpe-path/main.go:17.30,32.2 1 0
github.com/arran4/lookup/cmd/json-simpe-path/main.go:34.74,49.20 14 1
github.com/arran4/lookup/cmd/json-simpe-path/main.go:49.20,49.33 1 0
github.com/arran4/lookup/cmd/json-simpe-path/main.go:50.2,50.39 1 1
github.com/arran4/lookup/cmd/json-simpe-path/main.go:50.39,52.3 1 0
github.com/arran4/lookup/cmd/json-simpe-path/main.go:54.2,55.22 2 1
github.com/arran4/lookup/cmd/json-simpe-path/main.go:55.22,57.3 1 0
github.com/arran4/lookup/cmd/json-simpe-path/main.go:58.2,59.23 2 1
github.com/arran4/lookup/cmd/json-simpe-path/main.go:59.23,62.3 2 0
github.com/arran4/lookup/cmd/json-simpe-path/main.go:64.2,64.16 1 1
github.com/arran4/lookup/cmd/json-simpe-path/main.go:64.16,66.3 1 0
github.com/arran4/lookup/cmd/json-simpe-path/main.go:68.2,69.17 2 1
github.com/arran4/lookup/cmd/json-simpe-path/main.go:69.17,71.17 2 1
github.com/arran4/lookup/cmd/json-simpe-path/main.go:71.17,73.4 1 0
github.com/arran4/lookup/cmd/json-simpe-path/main.go:74.3,75.8 2 1
github.com/arran4/lookup/cmd/json-simpe-path/main.go:78.2,82.21 4 1
github.com/arran4/lookup/cmd/json-simpe-path/main.go:82.21,84.17 2 1
github.com/arran4/lookup/cmd/json-simpe-path/main.go:84.17,86.4 1 0
github.com/arran4/lookup/cmd/json-simpe-path/main.go:89.2,92.6 4 1
github.com/arran4/lookup/cmd/json-simpe-path/main.go:92.6,95.29 3 1
github.com/arran4/lookup/cmd/json-simpe-path/main.go:95.29,96.9 1 1
github.com/arran4/lookup/cmd/json-simpe-path/main.go:98.3,98.17 1 1
github.com/arran4/lookup/cmd/json-simpe-path/main.go:98.17,100.4 1 0
github.com/arran4/lookup/cmd/json-simpe-path/main.go:101.3,101.29 1 1
github.com/arran4/lookup/cmd/json-simpe-path/main.go:101.29,103.18 2 1
github.com/arran4/lookup/cmd/json-simpe-path/main.go:103.18,104.13 1 0
github.com/arran4/lookup/cmd/json-simpe-path/main.go:106.4,107.17 2 1
github.com/arran4/lookup/cmd/json-simpe-path/main.go:107.17,109.16 2 1
github.com/arran4/lookup/cmd/json-simpe-path/main.go:109.16,111.6 1 0
github.com/arran4/lookup/cmd/json-simpe-path/main.go:112.5,112.17 1 1
github.com/arran4/lookup/cmd/json-simpe-path/main.go:112.17,113.14 1 0
github.com/arran4/lookup/cmd/json-simpe-path/main.go:116.4,117.18 2 1
github.com/arran4/lookup/cmd/json-simpe-path/main.go:117.18,118.13 1 1
github.com/arran4/lookup/cmd/json-simpe-path/main.go:120.4,120.14 1 1
github.com/arran4/lookup/cmd/json-simpe-path/main.go:120.14,122.5 1 0
github.com/arran4/lookup/cmd/json-simpe-path/main.go:123.4,124.15 2 1
github.com/arran4/lookup/cmd/json-simpe-path/main.go:124.15,126.5 1 0
github.com/arran4/lookup/cmd/json-simpe-path/main.go:127.4,127.11 1 1
github.com/arran4/lookup/cmd/json-simpe-path/main.go:128.17,129.40 1 1
github.com/arran4/lookup/cmd/json-simpe-path/main.go:130.18,132.19 2 0
github.com/arran4/lookup/cmd/json-simpe-path/main.go:132.19,134.6 1 0
github.com/arran4/lookup/cmd/json-simpe-path/main.go:135.5,135.60 1 0
github.com/arran4/lookup/cmd/json-simpe-path/main.go:136.45,138.19 2 1
github.com/arran4/lookup/cmd/json-simpe-path/main.go:138.19,140.6 1 0
github.com/arran4/lookup/cmd/json-simpe-path/main.go:141.5,141.34 1 1
github.com/arran4/lookup/cmd/json-simpe-path/main.go:143.4,143.11 1 1
github.com/arran4/lookup/cmd/json-simpe-path/main.go:146.2,146.16 1 1
github.com/arran4/lookup/cmd/json-simpe-path/main.go:146.16,148.3 1 1
github.com/arran4/lookup/cmd/json-simpe-path/main.go:149.2,149.12 1 1
github.com/arran4/lookup/cmd/json-simpe-path/main.go:152.13,153.73 1 0
github.com/arran4/lookup/cmd/json-simpe-path/main.go:153.73,156.3 2 0
github.com/arran4/lookup/cmd/yaml-simpe-path/main.go:17.30,32.2 1 0
github.com/arran4/lookup/cmd/yaml-simpe-path/main.go:34.74,49.20 14 1
github.com/arran4/lookup/cmd/yaml-simpe-path/main.go:49.20,49.33 1 0
github.com/arran4/lookup/cmd/yaml-simpe-path/main.go:50.2,50.39 1 1
github.com/arran4/lookup/cmd/yaml-simpe-path/main.go:50.39,52.3 1 0
github.com/arran4/lookup/cmd/yaml-simpe-path/main.go:54.2,55.22 2 1
github.com/arran4/lookup/cmd/yaml-simpe-path/main.go:55.22,57.3 1 0
github.com/arran4/lookup/cmd/yaml-simpe-path/main.go:58.2,59.23 2 1
github.com/arran4/lookup/cmd/yaml-simpe-path/main.go:59.23,62.3 2 0
github.com/arran4/lookup/cmd/yaml-simpe-path/main.go:64.2,64.16 1 1
github.com/arran4/lookup/cmd/yaml-simpe-path/main.go:64.16,66.3 1 0
github.com/arran4/lookup/cmd/yaml-simpe-path/main.go:68.2,69.17 2 1
github.com/arran4/lookup/cmd/yaml-simpe-path/main.go:69.17,71.17 2 1
github.com/arran4/lookup/cmd/yaml-simpe-path/main.go:71.17,73.4 1 0
github.com/arran4/lookup/cmd/yaml-simpe-path/main.go:74.3,75.8 2 1
github.com/arran4/lookup/cmd/yaml-simpe-path/main.go:78.2,82.21 4 1
github.com/arran4/lookup/cmd/yaml-simpe-path/main.go:82.21,84.17 2 1
github.com/arran4/lookup/cmd/yaml-simpe-path/main.go:84.17,86.4 1 0
github.com/arran4/lookup/cmd/yaml-simpe-path/main.go:89.2,92.6 4 1
github.com/arran4/lookup/cmd/yaml-simpe-path/main.go:92.6,95.29 3 1
github.com/arran4/lookup/cmd/yaml-simpe-path/main.go:95.29,96.9 1 1
github.com/arran4/lookup/cmd/yaml-simpe-path/main.go:98.3,98.17 1 1
github.com/arran4/lookup/cmd/yaml-simpe-path/main.go:98.17,100.4 1 0
github.com/arran4/lookup/cmd/yaml-simpe-path/main.go:101.3,101.29 1 1
github.com/arran4/lookup/cmd/yaml-simpe-path/main.go:101.29,103.18 2 1
github.com/arran4/lookup/cmd/yaml-simpe-path/main.go:103.18,104.13 1 0
github.com/arran4/lookup/cmd/yaml-simpe-path/main.go:106.4,107.17 2 1
github.com/arran4/lookup/cmd/yaml-simpe-path/main.go:107.17,109.16 2 1
github.com/arran4/lookup/cmd/yaml-simpe-path/main.go:109.16,111.6 1 0
github.com/arran4/lookup/cmd/yaml-simpe-path/main.go:112.5,112.17 1 1
github.com/arran4/lookup/cmd/yaml-simpe-path/main.go:112.17,113.14 1 0
github.com/arran4/lookup/cmd/yaml-simpe-path/main.go:116.4,117.18 2 1
github.com/arran4/lookup/cmd/yaml-simpe-path/main.go:117.18,118.13 1 1
github.com/arran4/lookup/cmd/yaml-simpe-path/main.go:120.4,120.14 1 1
github.com/arran4/lookup/cmd/yaml-simpe-path/main.go:120.14,122.5 1 0
github.com/arran4/lookup/cmd/yaml-simpe-path/main.go:123.4,124.15 2 1
github.com/arran4/lookup/cmd/yaml-simpe-path/main.go:124.15,126.5 1 0
github.com/arran4/lookup/cmd/yaml-simpe-path/main.go:127.4,127.11 1 1
github.com/arran4/lookup/cmd/yaml-simpe-path/main.go:128.17,129.40 1 1
github.com/arran4/lookup/cmd/yaml-simpe-path/main.go:130.18,132.19 2 0
github.com/arran4/lookup/cmd/yaml-simpe-path/main.go:132.19,134.6 1 0
github.com/arran4/lookup/cmd/yaml-simpe-path/main.go:135.5,135.34 1 0
github.com/arran4/lookup/cmd/yaml-simpe-path/main.go:136.45,138.19 2 1
github.com/arran4/lookup/cmd/yaml-simpe-path/main.go:138.19,140.6 1 0
github.com/arran4/lookup/cmd/yaml-simpe-path/main.go:141.5,141.60 1 1
github.com/arran4/lookup/cmd/yaml-simpe-path/main.go:143.4,143.11 1 1
github.com/arran4/lookup/cmd/yaml-simpe-path/main.go:146.2,146.16 1 1
github.com/arran4/lookup/cmd/yaml-simpe-path/main.go:146.16,148.3 1 1
github.com/arran4/lookup/cmd/yaml-simpe-path/main.go:149.2,149.12 1 1
github.com/arran4/lookup/cmd/yaml-simpe-path/main.go:152.13,153.73 1 0
github.com/arran4/lookup/cmd/yaml-simpe-path/main.go:153.73,156.3 2 0
github.com/arran4/lookup/collections.go:14.50,16.16 2 1
github.com/arran4/lookup/collections.go:16.16,18.3 1 0
github.com/arran4/lookup/collections.go:19.2,19.7 1 1
github.com/arran4/lookup/collections.go:19.7,21.3 1 1
github.com/arran4/lookup/collections.go:22.2,22.48 1 1
github.com/arran4/lookup/collections.go:29.44,33.2 1 1
github.com/arran4/lookup/collections.go:35.48,41.2 2 1
github.com/arran4/lookup/collections.go:47.38,51.2 1 0
github.com/arran4/lookup/collections.go:53.45,56.2 2 0
github.com/arran4/lookup/collections.go:58.82,59.18 1 1
github.com/arran4/lookup/collections.go:60.36,61.16 1 1
github.com/arran4/lookup/collections.go:61.16,65.4 1 0
github.com/arran4/lookup/collections.go:66.3,66.32 1 1
github.com/arran4/lookup/collections.go:66.32,72.19 3 1
github.com/arran4/lookup/collections.go:72.19,74.5 1 0
github.com/arran4/lookup/collections.go:77.2,77.12 1 1
github.com/arran4/lookup/collections.go:84.44,88.2 1 1
github.com/arran4/lookup/collections.go:90.50,92.31 2 1
github.com/arran4/lookup/collections.go:93.36,97.45 2 1
github.com/arran4/lookup/collections.go:99.2,100.43 2 1
github.com/arran4/lookup/collections.go:103.27,107.2 1 1
github.com/arran4/lookup/collections.go:113.44,114.39 1 1
github.com/arran4/lookup/collections.go:115.36,117.28 2 1
github.com/arran4/lookup/collections.go:119.2,121.43 3 1
github.com/arran4/lookup/collections.go:128.38,132.2 1 1
github.com/arran4/lookup/collections.go:134.46,135.39 1 1
github.com/arran4/lookup/collections.go:136.36,137.50 1 1
github.com/arran4/lookup/collections.go:138.10,139.71 1 0
github.com/arran4/lookup/collections.go:143.70,144.14 1 1
github.com/arran4/lookup/collections.go:144.14,146.3 1 0
github.com/arran4/lookup/collections.go:147.2,147.34 1 1
github.com/arran4/lookup/collections.go:148.189,150.17 2 1
github.com/arran4/lookup/collections.go:150.17,152.4 1 0
github.com/arran4/lookup/collections.go:153.3,153.94 1 1
github.com/arran4/lookup/collections.go:154.22,156.17 2 1
github.com/arran4/lookup/collections.go:156.17,158.4 1 0
github.com/arran4/lookup/collections.go:159.3,159.42 1 1
github.com/arran4/lookup/collections.go:159.42,161.18 2 1
github.com/arran4/lookup/collections.go:161.18,163.5 1 0
github.com/arran4/lookup/collections.go:164.4,164.95 1 1
github.com/arran4/lookup/collections.go:166.35,167.25 1 1
github.com/arran4/lookup/collections.go:168.20,169.48 1 1
github.com/arran4/lookup/collections.go:170.15,172.42 2 0
github.com/arran4/lookup/collections.go:173.11,174.67 1 0
github.com/arran4/lookup/collections.go:176.10,177.87 1 0
github.com/arran4/lookup/collections.go:179.2,179.84 1 1
github.com/arran4/lookup/collections.go:182.33,186.2 1 1
github.com/arran4/lookup/collections.go:192.47,195.2 2 1
github.com/arran4/lookup/collections.go:197.51,200.56 3 1
github.com/arran4/lookup/collections.go:200.56,203.22 3 1
github.com/arran4/lookup/collections.go:203.22,205.4 1 1
github.com/arran4/lookup/collections.go:206.3,206.13 1 1
github.com/arran4/lookup/collections.go:207.17,209.3 1 0
github.com/arran4/lookup/collections.go:210.2,210.43 1 1
github.com/arran4/lookup/collections.go:213.29,217.2 1 1
github.com/arran4/lookup/collections.go:223.45,226.2 2 1
github.com/arran4/lookup/collections.go:228.47,231.56 3 1
github.com/arran4/lookup/collections.go:231.56,234.22 3 1
github.com/arran4/lookup/collections.go:234.22,236.4 1 1
github.com/arran4/lookup/collections.go:237.3,237.13 1 1
github.com/arran4/lookup/collections.go:238.17,240.3 1 0
github.com/arran4/lookup/collections.go:241.2,241.43 1 1
github.com/arran4/lookup/collections.go:248.33,250.2 1 1
github.com/arran4/lookup/collections.go:252.46,254.37 2 1
github.com/arran4/lookup/collections.go:254.37,256.3 1 1
github.com/arran4/lookup/collections.go:257.2,260.31 4 1
github.com/arran4/lookup/collections.go:260.31,261.35 1 1
github.com/arran4/lookup/collections.go:261.35,262.50 1 1
github.com/arran4/lookup/collections.go:262.50,264.5 1 1
github.com/arran4/lookup/collections.go:266.3,266.41 1 1
github.com/arran4/lookup/collections.go:268.2,268.29 1 1
github.com/arran4/lookup/collections.go:268.29,270.3 1 1
github.com/arran4/lookup/collections.go:271.2,271.30 1 1
github.com/arran4/lookup/collections.go:271.30,273.3 1 1
github.com/arran4/lookup/collections.go:274.2,274.67 1 1
github.com/arran4/lookup/collections.go:281.47,283.2 1 1
github.com/arran4/lookup/collections.go:285.53,287.37 2 1
github.com/arran4/lookup/collections.go:287.37,289.3 1 0
github.com/arran4/lookup/collections.go:290.2,293.30 4 1
github.com/arran4/lookup/collections.go:293.30,294.32 1 1
github.com/arran4/lookup/collections.go:294.32,295.57 1 1
github.com/arran4/lookup/collections.go:295.57,298.37 2 1
github.com/arran4/lookup/collections.go:298.37,299.53 1 1
github.com/arran4/lookup/collections.go:299.53,301.12 2 1
github.com/arran4/lookup/collections.go:304.5,304.16 1 1
github.com/arran4/lookup/collections.go:304.16,306.6 1 1
github.com/arran4/lookup/collections.go:310.2,310.22 1 1
github.com/arran4/lookup/collections.go:310.22,312.3 1 1
github.com/arran4/lookup/collections.go:313.2,313.67 1 1
github.com/arran4/lookup/collections.go:320.35,322.2 1 1
github.com/arran4/lookup/collections.go:324.47,326.37 2 1
github.com/arran4/lookup/collections.go:326.37,328.3 1 1
github.com/arran4/lookup/collections.go:329.2,332.31 4 1
github.com/arran4/lookup/collections.go:332.31,334.3 1 1
github.com/arran4/lookup/collections.go:335.2,335.29 1 1
github.com/arran4/lookup/collections.go:335.29,337.3 1 1
github.com/arran4/lookup/collections.go:338.2,338.30 1 1
github.com/arran4/lookup/collections.go:338.30,340.3 1 1
github.com/arran4/lookup/collections.go:341.2,341.67 1 1
github.com/arran4/lookup/collections.go:348.33,348.69 1 1
github.com/arran4/lookup/collections.go:350.46,352.60 2 1
github.com/arran4/lookup/collections.go:352.60,354.3 1 1
github.com/arran4/lookup/collections.go:355.2,355.15 1 1
github.com/arran4/lookup/collections.go:355.15,357.3 1 1
github.com/arran4/lookup/collections.go:358.2,358.31 1 1
github.com/arran4/lookup/collections.go:358.31,362.22 4 1
github.com/arran4/lookup/collections.go:362.22,364.4 1 1
github.com/arran4/lookup/collections.go:366.2,366.57 1 1
github.com/arran4/lookup/collections.go:373.31,373.66 1 1
github.com/arran4/lookup/collections.go:375.45,377.60 2 1
github.com/arran4/lookup/collections.go:377.60,379.3 1 1
github.com/arran4/lookup/collections.go:380.2,380.15 1 1
github.com/arran4/lookup/collections.go:380.15,382.3 1 1
github.com/arran4/lookup/collections.go:383.2,383.36 1 1
github.com/arran4/lookup/collections.go:383.36,387.22 4 1
github.com/arran4/lookup/collections.go:387.22,389.4 1 1
github.com/arran4/lookup/collections.go:391.2,391.57 1 1
github.com/arran4/lookup/collections.go:399.47,399.92 1 1
github.com/arran4/lookup/collections.go:401.47,403.60 2 1
github.com/arran4/lookup/collections.go:403.60,405.3 1 0
github.com/arran4/lookup/collections.go:406.2,408.16 3 1
github.com/arran4/lookup/collections.go:408.16,410.3 1 0
github.com/arran4/lookup/collections.go:411.2,412.16 2 1
github.com/arran4/lookup/collections.go:412.16,414.3 1 0
github.com/arran4/lookup/collections.go:415.2,415.15 1 1
github.com/arran4/lookup/collections.go:415.15,417.3 1 1
github.com/arran4/lookup/collections.go:418.2,418.13 1 1
github.com/arran4/lookup/collections.go:418.13,420.3 1 1
github.com/arran4/lookup/collections.go:421.2,421.75 1 1
github.com/arran4/lookup/collections.go:421.75,423.3 1 1
github.com/arran4/lookup/collections.go:424.2,425.87 2 1
github.com/arran4/lookup/collections.go:428.52,429.18 1 1
github.com/arran4/lookup/collections.go:429.18,431.3 1 0
github.com/arran4/lookup/collections.go:432.2,432.18 1 1
github.com/arran4/lookup/collections.go:433.36,434.45 1 1
github.com/arran4/lookup/collections.go:434.45,436.4 1 1
github.com/arran4/lookup/collections.go:437.3,438.32 2 1
github.com/arran4/lookup/collections.go:438.32,440.4 1 1
github.com/arran4/lookup/collections.go:441.3,441.13 1 1
github.com/arran4/lookup/collections.go:442.10,443.28 1 1
github.com/arran4/lookup/collections.go:447.69,448.16 1 1
github.com/arran4/lookup/collections.go:448.16,450.3 1 1
github.com/arran4/lookup/collections.go:451.2,451.25 1 1
github.com/arran4/lookup/collections.go:452.19,453.40 1 1
github.com/arran4/lookup/collections.go:454.14,456.34 2 0
github.com/arran4/lookup/collections.go:456.34,458.4 1 0
github.com/arran4/lookup/collections.go:459.3,459.40 1 0
github.com/arran4/lookup/collections.go:460.14,461.40 1 0
github.com/arran4/lookup/collections.go:462.14,464.17 2 0
github.com/arran4/lookup/collections.go:464.17,466.4 1 0
github.com/arran4/lookup/collections.go:467.3,467.21 1 0
github.com/arran4/lookup/collections.go:468.10,469.46 1 1
github.com/arran4/lookup/collections.go:469.46,471.4 1 1
github.com/arran4/lookup/collections.go:473.2,473.33 1 0
github.com/arran4/lookup/constantor.go:16.60,21.2 1 1
github.com/arran4/lookup/constantor.go:23.42,27.2 1 1
github.com/arran4/lookup/constantor.go:29.36,34.2 1 1
github.com/arran4/lookup/constantor.go:36.37,41.2 1 1
github.com/arran4/lookup/constantor.go:43.42,48.2 1 1
github.com/arran4/lookup/constantor.go:51.42,53.2 1 1
github.com/arran4/lookup/constantor.go:56.40,58.2 1 1
github.com/arran4/lookup/constantor.go:61.44,63.2 1 1
github.com/arran4/lookup/constantor.go:66.63,68.21 2 1
github.com/arran4/lookup/constantor.go:68.21,70.3 1 1
github.com/arran4/lookup/constantor.go:70.8,72.3 1 1
github.com/arran4/lookup/constantor.go:73.2,78.30 3 1
github.com/arran4/lookup/constantor.go:78.30,80.16 2 1
github.com/arran4/lookup/constantor.go:80.16,82.4 1 0
github.com/arran4/lookup/constantor.go:85.2,85.11 1 1
github.com/arran4/lookup/constantor.go:88.47,90.2 1 1
github.com/arran4/lookup/evaluator.go:19.54,21.19 2 1
github.com/arran4/lookup/evaluator.go:21.19,23.3 1 1
github.com/arran4/lookup/evaluator.go:24.2,28.3 1 1
github.com/arran4/lookup/evaluator.go:31.31,38.2 1 0
github.com/arran4/lookup/evaluator.go:40.41,46.2 1 1
github.com/arran4/lookup/evaluator.go:48.39,49.19 1 0
github.com/arran4/lookup/evaluator.go:49.19,51.3 1 0
github.com/arran4/lookup/evaluator.go:52.2,52.22 1 0
github.com/arran4/lookup/evaluator.go:52.22,54.3 1 0
github.com/arran4/lookup/evaluator.go:55.2,55.21 1 0
github.com/arran4/lookup/evaluator.go:55.21,57.3 1 0
github.com/arran4/lookup/evaluator.go:58.2,58.24 1 0
github.com/arran4/lookup/evaluator.go:61.31,62.19 1 1
github.com/arran4/lookup/evaluator.go:62.19,64.3 1 0
github.com/arran4/lookup/evaluator.go:65.2,65.21 1 1
github.com/arran4/lookup/evaluator.go:65.21,67.3 1 1
github.com/arran4/lookup/evaluator.go:68.2,68.31 1 1
github.com/arran4/lookup/evaluator.go:71.46,77.2 1 1
github.com/arran4/lookup/expression.go:9.36,13.2 1 1
github.com/arran4/lookup/expression.go:15.47,16.35 1 1
github.com/arran4/lookup/expression.go:16.35,18.34 2 1
github.com/arran4/lookup/expression.go:19.19,20.17 1 1
github.com/arran4/lookup/expression.go:22.3,22.65 1 1
github.com/arran4/lookup/expression.go:22.66,24.4 0 1
github.com/arran4/lookup/expression.go:24.9,24.15 1 1
github.com/arran4/lookup/expression.go:24.15,25.12 1 1
github.com/arran4/lookup/expression.go:26.9,28.4 1 1
github.com/arran4/lookup/expression.go:29.3,29.30 1 1
github.com/arran4/lookup/expression.go:29.30,31.4 1 0
github.com/arran4/lookup/expression.go:33.2,33.22 1 1
github.com/arran4/lookup/expression.go:36.44,40.2 1 1
github.com/arran4/lookup/expression.go:46.47,48.25 2 1
github.com/arran4/lookup/expression.go:48.25,50.3 1 1
github.com/arran4/lookup/expression.go:50.8,52.3 1 0
github.com/arran4/lookup/expression.go:53.2,54.16 2 1
github.com/arran4/lookup/expression.go:54.16,56.3 1 0
github.com/arran4/lookup/expression.go:57.2,57.39 1 1
github.com/arran4/lookup/expression.go:60.44,64.2 1 1
github.com/arran4/lookup/expression.go:70.47,72.25 2 1
github.com/arran4/lookup/expression.go:72.25,74.3 1 1
github.com/arran4/lookup/expression.go:74.8,76.3 1 0
github.com/arran4/lookup/expression.go:77.2,77.30 1 1
github.com/arran4/lookup/expression.go:80.49,81.33 1 1
github.com/arran4/lookup/expression.go:82.18,83.16 1 0
github.com/arran4/lookup/expression.go:85.2,86.22 2 1
github.com/arran4/lookup/expression.go:86.22,88.3 1 1
github.com/arran4/lookup/expression.go:89.2,89.29 1 1
github.com/arran4/lookup/expression.go:89.29,91.3 1 0
github.com/arran4/lookup/expression.go:92.2,92.39 1 1
github.com/arran4/lookup/expression.go:99.48,102.2 2 1
github.com/arran4/lookup/expression.go:104.49,105.59 1 1
github.com/arran4/lookup/expression.go:105.59,107.3 1 1
github.com/arran4/lookup/expression.go:107.8,109.3 1 1
github.com/arran4/lookup/expression.go:112.35,116.2 1 1
github.com/arran4/lookup/expression.go:122.45,125.16 3 1
github.com/arran4/lookup/expression.go:125.16,127.3 1 0
github.com/arran4/lookup/expression.go:128.2,128.8 1 1
github.com/arran4/lookup/expression.go:128.8,130.3 1 1
github.com/arran4/lookup/expression.go:130.8,132.3 1 1
github.com/arran4/lookup/expression.go:135.29,139.2 1 1
github.com/arran4/lookup/expression.go:145.35,149.2 1 1
github.com/arran4/lookup/expression.go:151.48,152.39 1 1
github.com/arran4/lookup/expression.go:153.36,154.97 1 1
github.com/arran4/lookup/expression.go:156.2,157.89 2 1
github.com/arran4/lookup/expression.go:164.51,167.37 3 1
github.com/arran4/lookup/expression.go:168.19,170.23 2 1
github.com/arran4/lookup/expression.go:170.23,172.4 1 0
github.com/arran4/lookup/expression.go:173.18,174.16 1 1
github.com/arran4/lookup/expression.go:176.2,176.17 1 1
github.com/arran4/lookup/expression.go:179.41,183.2 1 1
github.com/arran4/lookup/expression.go:187.44,189.2 1 1
github.com/arran4/lookup/expression.go:198.61,204.2 1 1
github.com/arran4/lookup/expression.go:206.44,208.39 2 1
github.com/arran4/lookup/expression.go:208.39,210.3 1 0
github.com/arran4/lookup/expression.go:211.2,212.16 2 1
github.com/arran4/lookup/expression.go:212.16,214.3 1 1
github.com/arran4/lookup/expression.go:215.2,215.7 1 1
github.com/arran4/lookup/expression.go:215.7,216.21 1 1
github.com/arran4/lookup/expression.go:216.21,218.4 1 1
github.com/arran4/lookup/expression.go:219.3,219.24 1 0
github.com/arran4/lookup/expression.go:221.2,221.25 1 1
github.com/arran4/lookup/expression.go:221.25,223.3 1 1
github.com/arran4/lookup/expression.go:224.2,224.23 1 0
github.com/arran4/lookup/interfaceor.go:23.37,25.2 1 0
github.com/arran4/lookup/interfaceor.go:27.64,32.16 5 0
github.com/arran4/lookup/interfaceor.go:32.16,34.3 1 0
github.com/arran4/lookup/interfaceor.go:34.8,35.28 1 0
github.com/arran4/lookup/interfaceor.go:36.18,40.5 1 0
github.com/arran4/lookup/interfaceor.go:41.15,42.12 1 0
github.com/arran4/lookup/interfaceor.go:43.11,47.5 1 0
github.com/arran4/lookup/interfaceor.go:50.2,50.33 1 0
github.com/arran4/lookup/interfaceor.go:50.33,52.16 2 0
github.com/arran4/lookup/interfaceor.go:52.16,54.4 1 0
github.com/arran4/lookup/interfaceor.go:56.2,56.11 1 0
github.com/arran4/lookup/interfaceor.go:59.45,61.2 1 0
github.com/arran4/lookup/interfaceor.go:63.41,65.2 1 0
github.com/arran4/lookup/interfaceor.go:67.43,69.2 1 0
github.com/arran4/lookup/interfaceor.go:72.41,77.2 1 0
github.com/arran4/lookup/invalidor.go:18.54,23.2 1 1
github.com/arran4/lookup/invalidor.go:25.35,27.2 1 1
github.com/arran4/lookup/invalidor.go:30.77,32.2 1 0
github.com/arran4/lookup/invalidor.go:35.41,37.2 1 0
github.com/arran4/lookup/invalidor.go:40.39,42.2 1 1
github.com/arran4/lookup/invalidor.go:45.43,47.2 1 1
github.com/arran4/lookup/invalidor.go:50.36,52.2 1 0
github.com/arran4/lookup/invalidor.go:55.36,57.2 1 1
github.com/arran4/lookup/invalidor.go:61.62,67.2 2 1
github.com/arran4/lookup/invalidor.go:73.34,75.2 1 1
github.com/arran4/lookup/invalidor.go:77.46,79.2 1 1
github.com/arran4/lookup/jsonor.go:17.30,19.2 1 1
github.com/arran4/lookup/jsonor.go:22.32,22.49 1 0
github.com/arran4/lookup/jsonor.go:24.34,25.12 1 1
github.com/arran4/lookup/jsonor.go:25.12,27.3 1 1
github.com/arran4/lookup/jsonor.go:28.2,30.50 3 1
github.com/arran4/lookup/jsonor.go:30.50,32.3 1 0
github.com/arran4/lookup/jsonor.go:32.8,34.3 1 1
github.com/arran4/lookup/jsonor.go:35.2,35.12 1 1
github.com/arran4/lookup/jsonor.go:39.59,41.2 1 1
github.com/arran4/lookup/jsonor.go:44.36,44.63 1 0
github.com/arran4/lookup/jsonor.go:47.40,47.69 1 0
github.com/arran4/lookup/jsonor.go:50.38,50.66 1 0
github.com/arran4/lookup/reflector.go:14.35,16.2 1 1
github.com/arran4/lookup/reflector.go:19.41,21.2 1 1
github.com/arran4/lookup/reflector.go:24.39,26.2 1 1
github.com/arran4/lookup/reflector.go:29.43,31.2 1 1
github.com/arran4/lookup/reflector.go:36.62,39.30 3 1
github.com/arran4/lookup/reflector.go:39.30,41.16 2 1
github.com/arran4/lookup/reflector.go:41.16,43.4 1 0
github.com/arran4/lookup/reflector.go:45.2,45.11 1 1
github.com/arran4/lookup/reflector.go:49.95,50.16 1 1
github.com/arran4/lookup/reflector.go:50.16,52.3 1 1
github.com/arran4/lookup/reflector.go:53.2,54.18 2 1
github.com/arran4/lookup/reflector.go:55.19,56.16 1 1
github.com/arran4/lookup/reflector.go:56.16,61.9 3 0
github.com/arran4/lookup/reflector.go:63.3,63.44 1 1
github.com/arran4/lookup/reflector.go:64.25,65.16 1 1
github.com/arran4/lookup/reflector.go:65.16,70.9 3 0
github.com/arran4/lookup/reflector.go:72.3,72.45 1 1
github.com/arran4/lookup/reflector.go:73.21,74.67 1 0
github.com/arran4/lookup/reflector.go:75.19,76.16 1 1
github.com/arran4/lookup/reflector.go:76.16,81.9 3 0
github.com/arran4/lookup/reflector.go:83.3,83.31 1 1
github.com/arran4/lookup/reflector.go:84.21,85.16 1 1
github.com/arran4/lookup/reflector.go:85.16,90.9 3 1
github.com/arran4/lookup/reflector.go:92.3,92.67 1 1
github.com/arran4/lookup/reflector.go:93.22,94.17 1 1
github.com/arran4/lookup/reflector.go:94.17,96.9 2 0
github.com/arran4/lookup/reflector.go:98.3,98.38 1 1
github.com/arran4/lookup/reflector.go:99.20,101.20 2 1
github.com/arran4/lookup/reflector.go:101.20,103.9 2 1
github.com/arran4/lookup/reflector.go:105.3,108.4 1 0
github.com/arran4/lookup/reflector.go:109.10,114.4 2 1
github.com/arran4/lookup/reflector.go:116.2,116.15 1 1
github.com/arran4/lookup/reflector.go:121.36,122.29 1 1
github.com/arran4/lookup/reflector.go:122.29,124.3 1 0
github.com/arran4/lookup/reflector.go:125.2,127.3 1 1
github.com/arran4/lookup/reflectutil.go:15.117,22.31 4 1
github.com/arran4/lookup/reflectutil.go:22.31,31.30 4 1
github.com/arran4/lookup/reflectutil.go:31.30,33.4 1 1
github.com/arran4/lookup/reflectutil.go:34.3,34.45 1 1
github.com/arran4/lookup/reflectutil.go:34.45,35.12 1 1
github.com/arran4/lookup/reflectutil.go:37.3,39.29 3 1
github.com/arran4/lookup/reflectutil.go:39.29,41.36 2 1
github.com/arran4/lookup/reflectutil.go:41.36,43.13 2 1
github.com/arran4/lookup/reflectutil.go:45.4,45.17 1 1
github.com/arran4/lookup/reflectutil.go:45.17,47.13 2 0
github.com/arran4/lookup/reflectutil.go:49.4,49.21 1 1
github.com/arran4/lookup/reflectutil.go:51.3,51.11 1 1
github.com/arran4/lookup/reflectutil.go:51.11,52.12 1 1
github.com/arran4/lookup/reflectutil.go:54.3,55.60 2 1
github.com/arran4/lookup/reflectutil.go:55.60,56.52 1 1
github.com/arran4/lookup/reflectutil.go:56.52,62.10 3 1
github.com/arran4/lookup/reflectutil.go:65.3,66.20 2 1
github.com/arran4/lookup/reflectutil.go:68.2,71.29 4 1
github.com/arran4/lookup/reflectutil.go:71.29,72.20 1 1
github.com/arran4/lookup/reflectutil.go:72.20,74.4 1 1
github.com/arran4/lookup/reflectutil.go:76.2,76.24 1 1
github.com/arran4/lookup/reflectutil.go:77.9,79.42 2 1
github.com/arran4/lookup/reflectutil.go:79.42,81.4 1 0
github.com/arran4/lookup/reflectutil.go:82.3,85.4 1 1
github.com/arran4/lookup/reflectutil.go:86.9,87.28 1 1
github.com/arran4/lookup/reflectutil.go:87.28,90.4 2 1
github.com/arran4/lookup/reflectutil.go:91.10,92.17 1 1
github.com/arran4/lookup/reflectutil.go:92.17,94.29 2 1
github.com/arran4/lookup/reflectutil.go:94.29,95.28 1 1
github.com/arran4/lookup/reflectutil.go:95.28,97.6 1 1
github.com/arran4/lookup/reflectutil.go:99.4,99.14 1 1
github.com/arran4/lookup/reflectutil.go:99.14,100.10 1 1
github.com/arran4/lookup/reflectutil.go:102.4,102.21 1 1
github.com/arran4/lookup/reflectutil.go:103.23,105.13 2 1
github.com/arran4/lookup/reflectutil.go:106.23,108.13 2 0
github.com/arran4/lookup/reflectutil.go:109.21,111.13 2 1
github.com/arran4/lookup/reflectutil.go:112.21,114.13 2 0
github.com/arran4/lookup/reflectutil.go:115.22,117.13 2 0
github.com/arran4/lookup/reflectutil.go:119.4,121.9 3 1
github.com/arran4/lookup/reflectutil.go:124.2,125.35 2 1
github.com/arran4/lookup/reflectutil.go:125.35,126.13 1 1
github.com/arran4/lookup/reflectutil.go:126.13,128.4 1 1
github.com/arran4/lookup/reflectutil.go:128.9,130.4 1 1
github.com/arran4/lookup/reflectutil.go:132.2,135.3 1 1
github.com/arran4/lookup/reflectutil.go:140.80,143.29 3 1
github.com/arran4/lookup/reflectutil.go:144.14,148.17 4 0
github.com/arran4/lookup/reflectutil.go:148.17,154.4 2 0
github.com/arran4/lookup/reflectutil.go:155.10,157.17 2 1
github.com/arran4/lookup/reflectutil.go:157.17,163.4 2 0
github.com/arran4/lookup/reflectutil.go:164.3,165.31 2 1
github.com/arran4/lookup/reflectutil.go:167.2,169.11 3 1
github.com/arran4/lookup/reflectutil.go:169.11,171.3 1 1
github.com/arran4/lookup/reflectutil.go:172.2,172.21 1 1
github.com/arran4/lookup/reflectutil.go:172.21,177.3 1 1
github.com/arran4/lookup/reflectutil.go:178.2,182.3 2 1
github.com/arran4/lookup/reflectutil.go:187.66,189.52 2 1
github.com/arran4/lookup/reflectutil.go:189.52,191.3 1 1
github.com/arran4/lookup/reflectutil.go:193.2,194.19 2 1
github.com/arran4/lookup/reflectutil.go:194.19,196.3 1 1
github.com/arran4/lookup/reflectutil.go:197.2,198.37 2 1
github.com/arran4/lookup/reflectutil.go:198.37,199.17 1 1
github.com/arran4/lookup/reflectutil.go:199.17,200.9 1 0
github.com/arran4/lookup/reflectutil.go:202.3,202.17 1 1
github.com/arran4/lookup/reflectutil.go:204.2,204.19 1 1
github.com/arran4/lookup/reflectutil.go:204.19,209.3 1 1
github.com/arran4/lookup/reflectutil.go:210.2,213.3 1 1
github.com/arran4/lookup/reflectutil.go:217.81,220.12 3 1
github.com/arran4/lookup/reflectutil.go:221.20,222.52 1 1
github.com/arran4/lookup/reflectutil.go:222.52,227.4 1 1
github.com/arran4/lookup/reflectutil.go:227.9,229.4 1 1
github.com/arran4/lookup/reflectutil.go:230.19,231.59 1 1
github.com/arran4/lookup/reflectutil.go:231.59,236.4 1 1
github.com/arran4/lookup/reflectutil.go:236.9,238.4 1 1
github.com/arran4/lookup/reflectutil.go:239.20,240.58 1 0
github.com/arran4/lookup/reflectutil.go:240.58,245.4 1 0
github.com/arran4/lookup/reflectutil.go:245.9,247.4 1 0
github.com/arran4/lookup/reflectutil.go:248.21,249.59 1 0
github.com/arran4/lookup/reflectutil.go:249.59,254.4 1 0
github.com/arran4/lookup/reflectutil.go:254.9,256.4 1 0
github.com/arran4/lookup/reflectutil.go:257.21,258.59 1 0
github.com/arran4/lookup/reflectutil.go:258.59,263.4 1 0
github.com/arran4/lookup/reflectutil.go:263.9,265.4 1 0
github.com/arran4/lookup/reflectutil.go:266.21,267.59 1 0
github.com/arran4/lookup/reflectutil.go:267.59,272.4 1 0
github.com/arran4/lookup/reflectutil.go:272.9,274.4 1 0
github.com/arran4/lookup/reflectutil.go:275.20,276.59 1 0
github.com/arran4/lookup/reflectutil.go:276.59,281.4 1 0
github.com/arran4/lookup/reflectutil.go:281.9,283.4 1 0
github.com/arran4/lookup/reflectutil.go:284.21,285.58 1 0
github.com/arran4/lookup/reflectutil.go:285.58,290.4 1 0
github.com/arran4/lookup/reflectutil.go:290.9,292.4 1 0
github.com/arran4/lookup/reflectutil.go:293.22,294.59 1 0
github.com/arran4/lookup/reflectutil.go:294.59,299.4 1 0
github.com/arran4/lookup/reflectutil.go:299.9,301.4 1 0
github.com/arran4/lookup/reflectutil.go:302.22,303.59 1 0
github.com/arran4/lookup/reflectutil.go:303.59,308.4 1 0
github.com/arran4/lookup/reflectutil.go:308.9,310.4 1 0
github.com/arran4/lookup/reflectutil.go:311.22,312.59 1 0
github.com/arran4/lookup/reflectutil.go:312.59,317.4 1 0
github.com/arran4/lookup/reflectutil.go:317.9,319.4 1 0
github.com/arran4/lookup/reflectutil.go:321.23,322.57 1 1
github.com/arran4/lookup/reflectutil.go:322.57,327.4 1 1
github.com/arran4/lookup/reflectutil.go:327.9,329.4 1 1
github.com/arran4/lookup/reflectutil.go:330.23,331.57 1 0
github.com/arran4/lookup/reflectutil.go:331.57,336.4 1 0
github.com/arran4/lookup/reflectutil.go:336.9,338.4 1 0
github.com/arran4/lookup/reflectutil.go:339.25,340.59 1 0
github.com/arran4/lookup/reflectutil.go:340.59,345.4 1 0
github.com/arran4/lookup/reflectutil.go:345.9,347.4 1 0
github.com/arran4/lookup/reflectutil.go:348.26,349.60 1 0
github.com/arran4/lookup/reflectutil.go:349.60,354.4 1 0
github.com/arran4/lookup/reflectutil.go:354.9,356.4 1 0
github.com/arran4/lookup/reflectutil.go:358.25,358.25 0 1
github.com/arran4/lookup/reflectutil.go:363.22,363.22 0 1
github.com/arran4/lookup/reflectutil.go:366.10,370.4 1 0
github.com/arran4/lookup/reflectutil.go:373.2,373.15 1 1
github.com/arran4/lookup/reflectutil.go:378.88,380.38 2 1
github.com/arran4/lookup/reflectutil.go:380.38,385.3 1 1
github.com/arran4/lookup/reflectutil.go:386.2,386.52 1 1
github.com/arran4/lookup/reflectutil.go:386.52,388.3 1 1
github.com/arran4/lookup/reflectutil.go:389.2,390.17 2 1
github.com/arran4/lookup/reflectutil.go:390.17,395.3 1 1
github.com/arran4/lookup/reflectutil.go:396.2,397.15 2 1
github.com/arran4/lookup/reflectutil.go:397.15,399.3 1 1
github.com/arran4/lookup/reflectutil.go:399.8,401.3 1 1
github.com/arran4/lookup/reflectutil.go:402.2,403.19 2 1
github.com/arran4/lookup/reflectutil.go:403.19,405.3 1 1
github.com/arran4/lookup/reflectutil.go:406.2,409.3 1 1
github.com/arran4/lookup/reflectutil.go:413.50,414.18 1 1
github.com/arran4/lookup/reflectutil.go:414.18,416.3 1 1
github.com/arran4/lookup/reflectutil.go:417.2,419.21 3 1
github.com/arran4/lookup/reflectutil.go:420.9,424.14 4 1
github.com/arran4/lookup/reflectutil.go:425.9,426.27 1 1
github.com/arran4/lookup/reflectutil.go:427.24,427.24 0 0
github.com/arran4/lookup/reflectutil.go:428.21,428.21 0 0
github.com/arran4/lookup/reflectutil.go:429.24,429.24 0 0
github.com/arran4/lookup/reflectutil.go:430.30,430.30 0 0
github.com/arran4/lookup/reflectutil.go:431.11,432.23 1 1
github.com/arran4/lookup/reflectutil.go:435.2,435.52 1 1
github.com/arran4/lookup/reflectutil.go:435.52,438.39 3 1
github.com/arran4/lookup/reflectutil.go:438.39,440.47 2 1
github.com/arran4/lookup/reflectutil.go:440.47,442.5 1 1
github.com/arran4/lookup/reflectutil.go:443.4,446.5 1 1
github.com/arran4/lookup/reflectutil.go:448.3,448.20 1 1
github.com/arran4/lookup/reflectutil.go:448.20,453.4 1 1
github.com/arran4/lookup/reflectutil.go:455.2,455.12 1 1
github.com/arran4/lookup/reflectutil.go:458.75,459.18 1 1
github.com/arran4/lookup/reflectutil.go:459.18,461.3 1 1
github.com/arran4/lookup/reflectutil.go:462.2,462.19 1 1
github.com/arran4/lookup/reflectutil.go:462.19,464.3 1 0
github.com/arran4/lookup/reflectutil.go:465.2,465.19 1 1
github.com/arran4/lookup/reflectutil.go:466.21,467.33 1 0
github.com/arran4/lookup/reflectutil.go:467.33,469.55 2 0
github.com/arran4/lookup/reflectutil.go:469.55,471.5 1 0
github.com/arran4/lookup/reflectutil.go:473.20,475.39 2 0
github.com/arran4/lookup/reflectutil.go:476.19,477.34 1 1
github.com/arran4/lookup/reflectutil.go:477.34,479.55 2 1
github.com/arran4/lookup/reflectutil.go:479.55,481.5 1 1
github.com/arran4/lookup/reflectutil.go:483.19,484.44 1 0
github.com/arran4/lookup/reflectutil.go:485.21,486.33 1 1
github.com/arran4/lookup/reflectutil.go:486.33,488.55 2 1
github.com/arran4/lookup/reflectutil.go:488.55,490.5 1 1
github.com/arran4/lookup/reflectutil.go:492.22,493.38 1 1
github.com/arran4/lookup/reflectutil.go:493.38,495.55 2 1
github.com/arran4/lookup/reflectutil.go:495.55,497.5 1 1
github.com/arran4/lookup/reflectutil.go:499.3,499.39 1 0
github.com/arran4/lookup/reflectutil.go:499.39,501.17 2 0
github.com/arran4/lookup/reflectutil.go:501.17,503.5 1 0
github.com/arran4/lookup/reflectutil.go:503.10,505.5 1 0
github.com/arran4/lookup/reflectutil.go:506.4,507.38 2 0
github.com/arran4/lookup/reflectutil.go:507.38,509.5 1 0
github.com/arran4/lookup/reflectutil.go:511.10,512.58 1 0
github.com/arran4/lookup/reflectutil.go:514.2,514.14 1 1
github.com/arran4/lookup/reflectutil.go:517.49,518.23 1 1
github.com/arran4/lookup/reflectutil.go:519.11,520.16 1 1
github.com/arran4/lookup/reflectutil.go:521.12,522.21 1 0
github.com/arran4/lookup/reflectutil.go:523.13,524.21 1 0
github.com/arran4/lookup/reflectutil.go:525.13,526.21 1 0
github.com/arran4/lookup/reflectutil.go:527.13,528.21 1 1
github.com/arran4/lookup/reflectutil.go:529.12,530.21 1 0
github.com/arran4/lookup/reflectutil.go:531.13,532.21 1 0
github.com/arran4/lookup/reflectutil.go:533.14,534.21 1 0
github.com/arran4/lookup/reflectutil.go:535.14,536.21 1 0
github.com/arran4/lookup/reflectutil.go:537.14,538.21 1 0
github.com/arran4/lookup/reflectutil.go:539.15,540.21 1 0
github.com/arran4/lookup/reflectutil.go:541.15,542.21 1 0
github.com/arran4/lookup/reflectutil.go:543.15,544.21 1 0
github.com/arran4/lookup/reflectutil.go:546.2,546.45 1 1
github.com/arran4/lookup/reflectutil.go:549.55,550.23 1 1
github.com/arran4/lookup/reflectutil.go:551.14,552.16 1 1
github.com/arran4/lookup/reflectutil.go:554.2,554.46 1 1
github.com/arran4/lookup/reflectutil.go:557.51,558.23 1 1
github.com/arran4/lookup/reflectutil.go:559.12,560.16 1 1
github.com/arran4/lookup/reflectutil.go:562.2,562.45 1 1
github.com/arran4/lookup/reflectutil.go:562.45,564.3 1 1
github.com/arran4/lookup/reflectutil.go:565.2,565.50 1 1
github.com/arran4/lookup/reflectutil.go:567.58,568.46 1 1
github.com/arran4/lookup/reflectutil.go:568.46,570.3 1 1
github.com/arran4/lookup/reflectutil.go:571.2,571.48 1 1
github.com/arran4/lookup/reflectutil.go:571.48,573.3 1 1
github.com/arran4/lookup/reflectutil.go:574.2,574.57 1 1
github.com/arran4/lookup/relator.go:28.49,31.2 2 1
github.com/arran4/lookup/relator.go:33.51,38.2 2 1
github.com/arran4/lookup/relator.go:40.37,42.29 2 1
github.com/arran4/lookup/relator.go:42.29,44.3 1 0
github.com/arran4/lookup/relator.go:45.2,45.10 1 1
github.com/arran4/lookup/relator.go:48.39,52.29 2 1
github.com/arran4/lookup/relator.go:52.29,54.3 1 1
github.com/arran4/lookup/relator.go:55.2,55.10 1 1
github.com/arran4/lookup/relator.go:58.28,63.2 1 1
github.com/arran4/lookup/relator.go:67.62,73.2 2 1
github.com/arran4/lookup/relator.go:76.35,84.2 3 1
github.com/arran4/lookup/relator.go:86.44,88.24 2 1
github.com/arran4/lookup/relator.go:89.26,90.26 1 1
github.com/arran4/lookup/relator.go:90.26,92.9 2 1
github.com/arran4/lookup/relator.go:94.3,94.14 1 0
github.com/arran4/lookup/relator.go:95.27,96.20 1 1
github.com/arran4/lookup/relator.go:97.28,98.21 1 1
github.com/arran4/lookup/relator.go:100.2,100.28 1 1
github.com/arran4/lookup/relator.go:100.28,102.3 1 1
github.com/arran4/lookup/relator.go:103.2,103.10 1 1
github.com/arran4/lookup/simpleor.go:14.38,16.2 1 1
github.com/arran4/lookup/simpleor.go:18.61,23.16 4 1
github.com/arran4/lookup/simpleor.go:23.16,25.3 1 1
github.com/arran4/lookup/simpleor.go:25.8,26.27 1 1
github.com/arran4/lookup/simpleor.go:27.31,28.31 1 1
github.com/arran4/lookup/simpleor.go:28.31,30.5 1 1
github.com/arran4/lookup/simpleor.go:30.10,32.5 1 1
github.com/arran4/lookup/simpleor.go:33.11,35.82 1 1
github.com/arran4/lookup/simpleor.go:39.2,40.16 2 1
github.com/arran4/lookup/simpleor.go:40.16,42.3 1 1
github.com/arran4/lookup/simpleor.go:42.8,44.3 1 1
github.com/arran4/lookup/simpleor.go:49.2,51.27 2 1
github.com/arran4/lookup/simpleor.go:51.27,53.47 2 1
github.com/arran4/lookup/simpleor.go:53.47,55.4 1 0
github.com/arran4/lookup/simpleor.go:58.2,58.23 1 1
github.com/arran4/lookup/simpleor.go:61.76,63.2 1 0
github.com/arran4/lookup/simpleor.go:65.40,67.2 1 0
github.com/arran4/lookup/simpleor.go:69.38,71.2 1 1
github.com/arran4/lookup/simpleor.go:73.42,75.2 1 1
github.com/arran4/lookup/simpleor.go:77.34,79.2 1 1
github.com/arran4/lookup/simplepath_parser.go:8.45,11.30 3 1
github.com/arran4/lookup/simplepath_parser.go:11.30,12.19 1 1
github.com/arran4/lookup/simplepath_parser.go:13.12,14.23 1 1
github.com/arran4/lookup/simplepath_parser.go:14.23,17.5 2 1
github.com/arran4/lookup/simplepath_parser.go:18.4,18.7 1 1
github.com/arran4/lookup/simplepath_parser.go:19.12,20.23 1 1
github.com/arran4/lookup/simplepath_parser.go:20.23,23.5 2 1
github.com/arran4/lookup/simplepath_parser.go:24.4,25.15 2 1
github.com/arran4/lookup/simplepath_parser.go:25.15,29.10 3 1
github.com/arran4/lookup/simplepath_parser.go:31.4,33.14 3 1
github.com/arran4/lookup/simplepath_parser.go:34.11,36.7 2 1
github.com/arran4/lookup/simplepath_parser.go:39.2,39.21 1 1
github.com/arran4/lookup/simplepath_parser.go:39.21,41.3 1 1
github.com/arran4/lookup/simplepath_parser.go:42.2,42.10 1 1
github.com/arran4/lookup/simplepath_parser.go:47.58,51.2 3 1
github.com/arran4/lookup/util.go:9.40,10.35 1 1
github.com/arran4/lookup/util.go:10.35,12.3 1 1
github.com/arran4/lookup/util.go:13.2,13.33 1 1
github.com/arran4/lookup/util.go:14.18,15.21 1 0
github.com/arran4/lookup/util.go:16.19,17.21 1 1
github.com/arran4/lookup/util.go:18.18,19.21 1 0
github.com/arran4/lookup/util.go:20.20,21.21 1 0
github.com/arran4/lookup/util.go:23.2,23.18 1 0
github.com/arran4/lookup/util.go:30.63,32.15 2 1
github.com/arran4/lookup/util.go:32.15,34.3 1 0
github.com/arran4/lookup/util.go:35.2,35.16 1 1
github.com/arran4/lookup/util.go:35.16,37.3 1 1
github.com/arran4/lookup/util.go:37.8,39.3 1 1
github.com/arran4/lookup/util.go:40.2,40.10 1 1
github.com/arran4/lookup/valuor.go:7.37,11.2 1 1
github.com/arran4/lookup/valuor.go:13.43,15.2 1 1
github.com/arran4/lookup/yamlor.go:18.30,20.2 1 1
github.com/arran4/lookup/yamlor.go:23.32,23.49 1 0
github.com/arran4/lookup/yamlor.go:25.34,26.12 1 1
github.com/arran4/lookup/yamlor.go:26.12,28.3 1 1
github.com/arran4/lookup/yamlor.go:29.2,31.50 3 1
github.com/arran4/lookup/yamlor.go:31.50,33.3 1 0
github.com/arran4/lookup/yamlor.go:33.8,35.3 1 1
github.com/arran4/lookup/yamlor.go:36.2,36.12 1 1
github.com/arran4/lookup/yamlor.go:40.59,42.2 1 1
github.com/arran4/lookup/yamlor.go:45.36,45.63 1 0
github.com/arran4/lookup/yamlor.go:48.40,48.69 1 0
github.com/arran4/lookup/yamlor.go:51.38,51.66 1 0
github.com/arran4/lookup/examples/basic_example.go:14.13,19.2 4 0
github.com/arran4/lookup/examples/advanced/advanced_example.go:16.13,39.2 6 0
github.com/arran4/lookup/examples/collections/collections_example.go:9.13,27.2 12 0
github.com/arran4/lookup/examples/interfacor1/main.go:14.37,16.37 2 1
github.com/arran4/lookup/examples/interfacor1/main.go:16.37,18.3 1 1
github.com/arran4/lookup/examples/interfacor1/main.go:19.2,19.58 1 1
github.com/arran4/lookup/examples/interfacor1/main.go:26.43,28.2 1 0
github.com/arran4/lookup/examples/interfacor1/main.go:30.65,31.45 1 1
github.com/arran4/lookup/examples/interfacor1/main.go:31.45,32.25 1 1
github.com/arran4/lookup/examples/interfacor1/main.go:32.25,36.4 1 1
github.com/arran4/lookup/examples/interfacor1/main.go:38.2,38.17 1 1
github.com/arran4/lookup/examples/interfacor1/main.go:41.45,43.2 1 1
github.com/arran4/lookup/examples/interfacor1/main.go:45.13,72.2 7 0
github.com/arran4/lookup/jsonata/compile.go:8.40,10.33 2 1
github.com/arran4/lookup/jsonata/compile.go:10.33,12.24 2 1
github.com/arran4/lookup/jsonata/compile.go:12.24,14.4 1 1
github.com/arran4/lookup/jsonata/compile.go:15.3,15.25 1 1
github.com/arran4/lookup/jsonata/compile.go:15.25,19.4 1 1
github.com/arran4/lookup/jsonata/compile.go:20.3,20.33 1 1
github.com/arran4/lookup/jsonata/compile.go:22.2,22.10 1 1
github.com/arran4/lookup/jsonata/parser.go:14.39,17.16 3 1
github.com/arran4/lookup/jsonata/parser.go:17.16,19.3 1 0
github.com/arran4/lookup/jsonata/parser.go:20.2,20.17 1 1
github.com/arran4/lookup/jsonata/parser.go:28.40,30.6 2 1
github.com/arran4/lookup/jsonata/parser.go:30.6,32.17 2 1
github.com/arran4/lookup/jsonata/parser.go:32.17,34.4 1 0
github.com/arran4/lookup/jsonata/parser.go:35.3,37.23 2 1
github.com/arran4/lookup/jsonata/parser.go:37.23,39.23 2 1
github.com/arran4/lookup/jsonata/parser.go:39.23,41.5 1 0
github.com/arran4/lookup/jsonata/parser.go:42.4,42.44 1 1
github.com/arran4/lookup/jsonata/parser.go:42.44,47.19 4 1
github.com/arran4/lookup/jsonata/parser.go:47.19,49.6 1 0
github.com/arran4/lookup/jsonata/parser.go:50.5,50.22 1 1
github.com/arran4/lookup/jsonata/parser.go:51.10,53.19 2 1
github.com/arran4/lookup/jsonata/parser.go:53.19,55.6 1 0
github.com/arran4/lookup/jsonata/parser.go:56.5,56.24 1 1
github.com/arran4/lookup/jsonata/parser.go:56.24,58.6 1 0
github.com/arran4/lookup/jsonata/parser.go:59.5,61.19 3 1
github.com/arran4/lookup/jsonata/parser.go:61.19,63.6 1 0
github.com/arran4/lookup/jsonata/parser.go:64.5,64.24 1 1
github.com/arran4/lookup/jsonata/parser.go:64.24,66.6 1 0
github.com/arran4/lookup/jsonata/parser.go:67.5,68.55 2 1
github.com/arran4/lookup/jsonata/parser.go:71.3,72.22 2 1
github.com/arran4/lookup/jsonata/parser.go:72.22,73.9 1 1
github.com/arran4/lookup/jsonata/parser.go:75.3,75.22 1 1
github.com/arran4/lookup/jsonata/parser.go:75.22,77.4 1 0
github.com/arran4/lookup/jsonata/parser.go:78.3,78.8 1 1
github.com/arran4/lookup/jsonata/parser.go:80.2,80.17 1 1
github.com/arran4/lookup/jsonata/parser.go:83.47,85.21 2 1
github.com/arran4/lookup/jsonata/parser.go:85.21,88.45 2 1
github.com/arran4/lookup/jsonata/parser.go:88.45,89.9 1 1
github.com/arran4/lookup/jsonata/parser.go:91.3,91.8 1 1
github.com/arran4/lookup/jsonata/parser.go:93.2,93.18 1 1
github.com/arran4/lookup/jsonata/parser.go:93.18,95.3 1 0
github.com/arran4/lookup/jsonata/parser.go:96.2,96.28 1 1
github.com/arran4/lookup/jsonata/parser.go:99.47,100.41 1 1
github.com/arran4/lookup/jsonata/parser.go:100.41,104.43 4 1
github.com/arran4/lookup/jsonata/parser.go:104.43,106.4 1 1
github.com/arran4/lookup/jsonata/parser.go:107.3,107.22 1 1
github.com/arran4/lookup/jsonata/parser.go:107.22,109.4 1 0
github.com/arran4/lookup/jsonata/parser.go:110.3,112.18 3 1
github.com/arran4/lookup/jsonata/parser.go:114.2,115.63 2 0
github.com/arran4/lookup/jsonata/parser.go:115.63,117.3 1 0
github.com/arran4/lookup/jsonata/parser.go:118.2,118.18 1 0
github.com/arran4/lookup/jsonata/parser.go:118.18,120.3 1 0
github.com/arran4/lookup/jsonata/parser.go:121.2,121.28 1 0
github.com/arran4/lookup/jsonata/parser.go:124.30,125.21 1 1
github.com/arran4/lookup/jsonata/parser.go:125.21,127.3 1 1
github.com/arran4/lookup/jsonata/parser.go:128.2,128.17 1 1
github.com/arran4/lookup/jsonata/parser.go:131.44,133.39 2 1
github.com/arran4/lookup/jsonata/parser.go:133.39,135.3 1 1
github.com/arran4/lookup/jsonata/parser.go:136.2,136.42 1 1
github.com/arran4/lookup/jsonata/parser.go:139.27,141.2 1 1
